<?xml version="1.0" encoding="UTF-8"?>
<testsuite xmlns:xsi="http://www.w3.org/2001/XMLSchema-instance" xsi:noNamespaceSchemaLocation="https://maven.apache.org/surefire/maven-surefire-plugin/xsd/surefire-test-report-3.0.xsd" version="3.0" name="TestSuite" time="7.113" tests="1" errors="0" skipped="0" failures="0">
  <properties>
    <property name="sun.desktop" value="windows"/>
    <property name="awt.toolkit" value="sun.awt.windows.WToolkit"/>
    <property name="file.encoding.pkg" value="sun.io"/>
    <property name="java.specification.version" value="1.8"/>
    <property name="sun.cpu.isalist" value="amd64"/>
    <property name="sun.jnu.encoding" value="Cp1252"/>
    <property name="java.class.path" value="C:\apiHandsOn1\RestAssuredAPITesting_EmployeeProject\target\test-classes;C:\apiHandsOn1\RestAssuredAPITesting_EmployeeProject\target\classes;C:\Users\IT&apos;S ME\.m2\repository\io\rest-assured\rest-assured\4.3.0\rest-assured-4.3.0.jar;C:\Users\IT&apos;S ME\.m2\repository\org\codehaus\groovy\groovy\3.0.2\groovy-3.0.2.jar;C:\Users\IT&apos;S ME\.m2\repository\org\codehaus\groovy\groovy-xml\3.0.2\groovy-xml-3.0.2.jar;C:\Users\IT&apos;S ME\.m2\repository\org\apache\httpcomponents\httpclient\4.5.3\httpclient-4.5.3.jar;C:\Users\IT&apos;S ME\.m2\repository\org\apache\httpcomponents\httpcore\4.4.6\httpcore-4.4.6.jar;C:\Users\IT&apos;S ME\.m2\repository\commons-logging\commons-logging\1.2\commons-logging-1.2.jar;C:\Users\IT&apos;S ME\.m2\repository\org\apache\httpcomponents\httpmime\4.5.3\httpmime-4.5.3.jar;C:\Users\IT&apos;S ME\.m2\repository\org\hamcrest\hamcrest\2.1\hamcrest-2.1.jar;C:\Users\IT&apos;S ME\.m2\repository\org\ccil\cowan\tagsoup\tagsoup\1.2.1\tagsoup-1.2.1.jar;C:\Users\IT&apos;S ME\.m2\repository\io\rest-assured\json-path\4.3.0\json-path-4.3.0.jar;C:\Users\IT&apos;S ME\.m2\repository\org\codehaus\groovy\groovy-json\3.0.2\groovy-json-3.0.2.jar;C:\Users\IT&apos;S ME\.m2\repository\io\rest-assured\rest-assured-common\4.3.0\rest-assured-common-4.3.0.jar;C:\Users\IT&apos;S ME\.m2\repository\io\rest-assured\xml-path\4.3.0\xml-path-4.3.0.jar;C:\Users\IT&apos;S ME\.m2\repository\org\apache\commons\commons-lang3\3.4\commons-lang3-3.4.jar;C:\Users\IT&apos;S ME\.m2\repository\jakarta\xml\bind\jakarta.xml.bind-api\2.3.2\jakarta.xml.bind-api-2.3.2.jar;C:\Users\IT&apos;S ME\.m2\repository\jakarta\activation\jakarta.activation-api\1.2.1\jakarta.activation-api-1.2.1.jar;C:\Users\IT&apos;S ME\.m2\repository\com\sun\xml\bind\jaxb-osgi\2.3.0.1\jaxb-osgi-2.3.0.1.jar;C:\Users\IT&apos;S ME\.m2\repository\org\apache\sling\org.apache.sling.javax.activation\0.1.0\org.apache.sling.javax.activation-0.1.0.jar;C:\Users\IT&apos;S ME\.m2\repository\javax\activation\activation\1.1.1\activation-1.1.1.jar;C:\Users\IT&apos;S ME\.m2\repository\org\testng\testng\6.14.3\testng-6.14.3.jar;C:\Users\IT&apos;S ME\.m2\repository\com\beust\jcommander\1.72\jcommander-1.72.jar;C:\Users\IT&apos;S ME\.m2\repository\org\apache-extras\beanshell\bsh\2.0b6\bsh-2.0b6.jar;C:\Users\IT&apos;S ME\.m2\repository\com\googlecode\json-simple\json-simple\1.1.1\json-simple-1.1.1.jar;C:\Users\IT&apos;S ME\.m2\repository\org\apache\poi\poi\4.1.2\poi-4.1.2.jar;C:\Users\IT&apos;S ME\.m2\repository\commons-codec\commons-codec\1.13\commons-codec-1.13.jar;C:\Users\IT&apos;S ME\.m2\repository\org\apache\commons\commons-collections4\4.4\commons-collections4-4.4.jar;C:\Users\IT&apos;S ME\.m2\repository\org\apache\commons\commons-math3\3.6.1\commons-math3-3.6.1.jar;C:\Users\IT&apos;S ME\.m2\repository\com\zaxxer\SparseBitSet\1.2\SparseBitSet-1.2.jar;C:\Users\IT&apos;S ME\.m2\repository\org\apache\poi\poi-ooxml\4.1.2\poi-ooxml-4.1.2.jar;C:\Users\IT&apos;S ME\.m2\repository\org\apache\poi\poi-ooxml-schemas\4.1.2\poi-ooxml-schemas-4.1.2.jar;C:\Users\IT&apos;S ME\.m2\repository\org\apache\xmlbeans\xmlbeans\3.1.0\xmlbeans-3.1.0.jar;C:\Users\IT&apos;S ME\.m2\repository\org\apache\commons\commons-compress\1.19\commons-compress-1.19.jar;C:\Users\IT&apos;S ME\.m2\repository\com\github\virtuald\curvesapi\1.06\curvesapi-1.06.jar;C:\Users\IT&apos;S ME\.m2\repository\log4j\log4j\1.2.17\log4j-1.2.17.jar;C:\Users\IT&apos;S ME\.m2\repository\com\aventstack\extentreports\4.1.6\extentreports-4.1.6.jar;C:\Users\IT&apos;S ME\.m2\repository\org\freemarker\freemarker\2.3.29\freemarker-2.3.29.jar;C:\Users\IT&apos;S ME\.m2\repository\com\google\code\gson\gson\2.8.6\gson-2.8.6.jar;C:\Users\IT&apos;S ME\.m2\repository\org\mongodb\mongodb-driver\3.12.0\mongodb-driver-3.12.0.jar;C:\Users\IT&apos;S ME\.m2\repository\org\mongodb\mongodb-driver-core\3.12.0\mongodb-driver-core-3.12.0.jar;C:\Users\IT&apos;S ME\.m2\repository\org\mongodb\bson\3.12.0\bson-3.12.0.jar;C:\Users\IT&apos;S ME\.m2\repository\junit\junit\3.8.1\junit-3.8.1.jar;"/>
    <property name="java.vm.vendor" value="Oracle Corporation"/>
    <property name="sun.arch.data.model" value="64"/>
    <property name="user.variant" value=""/>
    <property name="java.vendor.url" value="http://java.oracle.com/"/>
    <property name="user.timezone" value="Asia/Calcutta"/>
    <property name="java.vm.specification.version" value="1.8"/>
    <property name="os.name" value="Windows 8.1"/>
    <property name="user.country" value="US"/>
    <property name="sun.java.launcher" value="SUN_STANDARD"/>
    <property name="sun.boot.library.path" value="C:\openJDK\java-1.8.0-openjdk_64\jre\bin"/>
    <property name="sun.java.command" value="C:\Users\IT&apos;S ME\AppData\Local\Temp\surefire4014436743171865802\surefirebooter6615557646369619073.jar C:\Users\IT&apos;S ME\AppData\Local\Temp\surefire4014436743171865802 2020-06-28T12-40-01_393-jvmRun1 surefire3069081466086890628tmp surefire_05702236176766999204tmp"/>
    <property name="surefire.test.class.path" value="C:\apiHandsOn1\RestAssuredAPITesting_EmployeeProject\target\test-classes;C:\apiHandsOn1\RestAssuredAPITesting_EmployeeProject\target\classes;C:\Users\IT&apos;S ME\.m2\repository\io\rest-assured\rest-assured\4.3.0\rest-assured-4.3.0.jar;C:\Users\IT&apos;S ME\.m2\repository\org\codehaus\groovy\groovy\3.0.2\groovy-3.0.2.jar;C:\Users\IT&apos;S ME\.m2\repository\org\codehaus\groovy\groovy-xml\3.0.2\groovy-xml-3.0.2.jar;C:\Users\IT&apos;S ME\.m2\repository\org\apache\httpcomponents\httpclient\4.5.3\httpclient-4.5.3.jar;C:\Users\IT&apos;S ME\.m2\repository\org\apache\httpcomponents\httpcore\4.4.6\httpcore-4.4.6.jar;C:\Users\IT&apos;S ME\.m2\repository\commons-logging\commons-logging\1.2\commons-logging-1.2.jar;C:\Users\IT&apos;S ME\.m2\repository\org\apache\httpcomponents\httpmime\4.5.3\httpmime-4.5.3.jar;C:\Users\IT&apos;S ME\.m2\repository\org\hamcrest\hamcrest\2.1\hamcrest-2.1.jar;C:\Users\IT&apos;S ME\.m2\repository\org\ccil\cowan\tagsoup\tagsoup\1.2.1\tagsoup-1.2.1.jar;C:\Users\IT&apos;S ME\.m2\repository\io\rest-assured\json-path\4.3.0\json-path-4.3.0.jar;C:\Users\IT&apos;S ME\.m2\repository\org\codehaus\groovy\groovy-json\3.0.2\groovy-json-3.0.2.jar;C:\Users\IT&apos;S ME\.m2\repository\io\rest-assured\rest-assured-common\4.3.0\rest-assured-common-4.3.0.jar;C:\Users\IT&apos;S ME\.m2\repository\io\rest-assured\xml-path\4.3.0\xml-path-4.3.0.jar;C:\Users\IT&apos;S ME\.m2\repository\org\apache\commons\commons-lang3\3.4\commons-lang3-3.4.jar;C:\Users\IT&apos;S ME\.m2\repository\jakarta\xml\bind\jakarta.xml.bind-api\2.3.2\jakarta.xml.bind-api-2.3.2.jar;C:\Users\IT&apos;S ME\.m2\repository\jakarta\activation\jakarta.activation-api\1.2.1\jakarta.activation-api-1.2.1.jar;C:\Users\IT&apos;S ME\.m2\repository\com\sun\xml\bind\jaxb-osgi\2.3.0.1\jaxb-osgi-2.3.0.1.jar;C:\Users\IT&apos;S ME\.m2\repository\org\apache\sling\org.apache.sling.javax.activation\0.1.0\org.apache.sling.javax.activation-0.1.0.jar;C:\Users\IT&apos;S ME\.m2\repository\javax\activation\activation\1.1.1\activation-1.1.1.jar;C:\Users\IT&apos;S ME\.m2\repository\org\testng\testng\6.14.3\testng-6.14.3.jar;C:\Users\IT&apos;S ME\.m2\repository\com\beust\jcommander\1.72\jcommander-1.72.jar;C:\Users\IT&apos;S ME\.m2\repository\org\apache-extras\beanshell\bsh\2.0b6\bsh-2.0b6.jar;C:\Users\IT&apos;S ME\.m2\repository\com\googlecode\json-simple\json-simple\1.1.1\json-simple-1.1.1.jar;C:\Users\IT&apos;S ME\.m2\repository\org\apache\poi\poi\4.1.2\poi-4.1.2.jar;C:\Users\IT&apos;S ME\.m2\repository\commons-codec\commons-codec\1.13\commons-codec-1.13.jar;C:\Users\IT&apos;S ME\.m2\repository\org\apache\commons\commons-collections4\4.4\commons-collections4-4.4.jar;C:\Users\IT&apos;S ME\.m2\repository\org\apache\commons\commons-math3\3.6.1\commons-math3-3.6.1.jar;C:\Users\IT&apos;S ME\.m2\repository\com\zaxxer\SparseBitSet\1.2\SparseBitSet-1.2.jar;C:\Users\IT&apos;S ME\.m2\repository\org\apache\poi\poi-ooxml\4.1.2\poi-ooxml-4.1.2.jar;C:\Users\IT&apos;S ME\.m2\repository\org\apache\poi\poi-ooxml-schemas\4.1.2\poi-ooxml-schemas-4.1.2.jar;C:\Users\IT&apos;S ME\.m2\repository\org\apache\xmlbeans\xmlbeans\3.1.0\xmlbeans-3.1.0.jar;C:\Users\IT&apos;S ME\.m2\repository\org\apache\commons\commons-compress\1.19\commons-compress-1.19.jar;C:\Users\IT&apos;S ME\.m2\repository\com\github\virtuald\curvesapi\1.06\curvesapi-1.06.jar;C:\Users\IT&apos;S ME\.m2\repository\log4j\log4j\1.2.17\log4j-1.2.17.jar;C:\Users\IT&apos;S ME\.m2\repository\com\aventstack\extentreports\4.1.6\extentreports-4.1.6.jar;C:\Users\IT&apos;S ME\.m2\repository\org\freemarker\freemarker\2.3.29\freemarker-2.3.29.jar;C:\Users\IT&apos;S ME\.m2\repository\com\google\code\gson\gson\2.8.6\gson-2.8.6.jar;C:\Users\IT&apos;S ME\.m2\repository\org\mongodb\mongodb-driver\3.12.0\mongodb-driver-3.12.0.jar;C:\Users\IT&apos;S ME\.m2\repository\org\mongodb\mongodb-driver-core\3.12.0\mongodb-driver-core-3.12.0.jar;C:\Users\IT&apos;S ME\.m2\repository\org\mongodb\bson\3.12.0\bson-3.12.0.jar;C:\Users\IT&apos;S ME\.m2\repository\junit\junit\3.8.1\junit-3.8.1.jar;"/>
    <property name="sun.cpu.endian" value="little"/>
    <property name="user.home" value="C:\Users\IT&apos;S ME"/>
    <property name="user.language" value="en"/>
    <property name="java.specification.vendor" value="Oracle Corporation"/>
    <property name="java.home" value="C:\openJDK\java-1.8.0-openjdk_64\jre"/>
    <property name="basedir" value="C:\apiHandsOn1\RestAssuredAPITesting_EmployeeProject"/>
    <property name="file.separator" value="\"/>
    <property name="line.separator" value="&#10;"/>
    <property name="java.vm.specification.vendor" value="Oracle Corporation"/>
    <property name="java.specification.name" value="Java Platform API Specification"/>
    <property name="java.awt.graphicsenv" value="sun.awt.Win32GraphicsEnvironment"/>
    <property name="surefire.real.class.path" value="C:\Users\IT&apos;S ME\AppData\Local\Temp\surefire4014436743171865802\surefirebooter6615557646369619073.jar"/>
    <property name="sun.boot.class.path" value="C:\openJDK\java-1.8.0-openjdk_64\jre\lib\resources.jar;C:\openJDK\java-1.8.0-openjdk_64\jre\lib\rt.jar;C:\openJDK\java-1.8.0-openjdk_64\jre\lib\sunrsasign.jar;C:\openJDK\java-1.8.0-openjdk_64\jre\lib\jsse.jar;C:\openJDK\java-1.8.0-openjdk_64\jre\lib\jce.jar;C:\openJDK\java-1.8.0-openjdk_64\jre\lib\charsets.jar;C:\openJDK\java-1.8.0-openjdk_64\jre\lib\jfr.jar;C:\openJDK\java-1.8.0-openjdk_64\jre\classes"/>
    <property name="user.script" value=""/>
    <property name="sun.management.compiler" value="HotSpot 64-Bit Tiered Compilers"/>
    <property name="java.runtime.version" value="1.8.0_252-b09"/>
    <property name="user.name" value="IT&apos;S ME"/>
    <property name="path.separator" value=";"/>
    <property name="os.version" value="6.3"/>
    <property name="java.endorsed.dirs" value="C:\openJDK\java-1.8.0-openjdk_64\jre\lib\endorsed"/>
    <property name="java.runtime.name" value="OpenJDK Runtime Environment"/>
    <property name="file.encoding" value="Cp1252"/>
    <property name="java.vm.name" value="OpenJDK 64-Bit Server VM"/>
    <property name="localRepository" value="C:\Users\IT&apos;S ME\.m2\repository"/>
    <property name="java.vendor.url.bug" value="http://bugreport.sun.com/bugreport/"/>
    <property name="java.io.tmpdir" value="C:\Users\IT&apos;SME~1\AppData\Local\Temp\"/>
    <property name="java.version" value="1.8.0_252"/>
    <property name="user.dir" value="C:\apiHandsOn1\RestAssuredAPITesting_EmployeeProject"/>
    <property name="os.arch" value="amd64"/>
    <property name="java.vm.specification.name" value="Java Virtual Machine Specification"/>
    <property name="java.awt.printerjob" value="sun.awt.windows.WPrinterJob"/>
    <property name="sun.os.patch.level" value=""/>
    <property name="java.library.path" value="C:\openJDK\java-1.8.0-openjdk_64\jre\bin;C:\WINDOWS\Sun\Java\bin;C:\WINDOWS\system32;C:\WINDOWS;C:\Program Files (x86)\Common Files\Oracle\Java\javapath;C:\openJDK\java-1.8.0-openjdk_64\bin;C:\maven-apache-3.6.3\bin;C:\Program Files\PuTTY\;C:\Program Files\Git\cmd;."/>
    <property name="java.vm.info" value="mixed mode"/>
    <property name="java.vendor" value="Oracle Corporation"/>
    <property name="java.vm.version" value="25.252-b09"/>
    <property name="java.ext.dirs" value="C:\openJDK\java-1.8.0-openjdk_64\jre\lib\ext;C:\WINDOWS\Sun\Java\lib\ext"/>
    <property name="sun.io.unicode.encoding" value="UnicodeLittle"/>
    <property name="java.class.version" value="52.0"/>
  </properties>
  <testcase name="checkingResponseBody" classname="com.rakesh.employeeapi.testCases.GetAllEmployees" time="0.128">
    <system-out><![CDATA[*********Started getAllEployees********
*********checking Response Body********
Response body==> {"status":"success","data":[{"id":"1","employee_name":"Tiger Nixon","employee_salary":"320800","employee_age":"61","profile_image":""},{"id":"2","employee_name":"Garrett Winters","employee_salary":"170750","employee_age":"63","profile_image":""},{"id":"3","employee_name":"Ashton Cox","employee_salary":"86000","employee_age":"66","profile_image":""},{"id":"4","employee_name":"Cedric Kelly","employee_salary":"433060","employee_age":"22","profile_image":""},{"id":"5","employee_name":"Airi Satou","employee_salary":"162700","employee_age":"33","profile_image":""},{"id":"6","employee_name":"Brielle Williamson","employee_salary":"372000","employee_age":"61","profile_image":""},{"id":"7","employee_name":"Herrod Chandler","employee_salary":"137500","employee_age":"59","profile_image":""},{"id":"8","employee_name":"Rhona Davidson","employee_salary":"327900","employee_age":"55","profile_image":""},{"id":"9","employee_name":"Colleen Hurst","employee_salary":"205500","employee_age":"39","profile_image":""},{"id":"10","employee_name":"Sonya Frost","employee_salary":"103600","employee_age":"23","profile_image":""},{"id":"11","employee_name":"Jena Gaines","employee_salary":"90560","employee_age":"30","profile_image":""},{"id":"12","employee_name":"Quinn Flynn","employee_salary":"342000","employee_age":"22","profile_image":""},{"id":"13","employee_name":"Charde Marshall","employee_salary":"470600","employee_age":"36","profile_image":""},{"id":"14","employee_name":"Haley Kennedy","employee_salary":"313500","employee_age":"43","profile_image":""},{"id":"15","employee_name":"Tatyana Fitzpatrick","employee_salary":"385750","employee_age":"19","profile_image":""},{"id":"16","employee_name":"Michael Silva","employee_salary":"198500","employee_age":"66","profile_image":""},{"id":"17","employee_name":"Paul Byrd","employee_salary":"725000","employee_age":"64","profile_image":""},{"id":"18","employee_name":"Gloria Little","employee_salary":"237500","employee_age":"59","profile_image":""},{"id":"19","employee_name":"Bradley Greer","employee_salary":"132000","employee_age":"41","profile_image":""},{"id":"20","employee_name":"Dai Rios","employee_salary":"217500","employee_age":"35","profile_image":""},{"id":"21","employee_name":"Jenette Caldwell","employee_salary":"345000","employee_age":"30","profile_image":""},{"id":"22","employee_name":"Yuri Berry","employee_salary":"675000","employee_age":"40","profile_image":""},{"id":"23","employee_name":"Caesar Vance","employee_salary":"106450","employee_age":"21","profile_image":""},{"id":"24","employee_name":"Doris Wilder","employee_salary":"85600","employee_age":"23","profile_image":""}]}
]]></system-out>
    <system-err><![CDATA[log4j:WARN No such property [targer] in org.apache.log4j.ConsoleAppender.
log4j:WARN No such property [conversionPattern] in org.apache.log4j.ConsoleAppender.
]]></system-err>
  </testcase>
</testsuite>