<?xml version="1.0" encoding="UTF-8"?>
<!-- Generated by org.testng.reporters.JUnitReportReporter -->
<testsuite skipped="0" hostname="RAKESH" name="com.rakesh.employeeapi.testCases.GetAllEmployees" tests="1" failures="0" timestamp="28 Jun 2020 07:10:12 GMT" time="0.071" errors="0">
  <testcase name="checkingResponseBody" time="0.071" classname="com.rakesh.employeeapi.testCases.GetAllEmployees"/>
</testsuite> <!-- com.rakesh.employeeapi.testCases.GetAllEmployees -->
